[155.766487122] 2018-04-02 07:06:38,509 - INFO - launcher: Starting sanity checks
[156.239509583] 2018-04-02 07:06:38,510 - INFO - launcher: Checking for Python 3.5+
[156.239509583] 2018-04-02 07:06:38,510 - INFO - launcher: Checking console encoding
[156.239509583] 2018-04-02 07:06:38,510 - INFO - launcher: Setting console encoding to UTF-8
[156.742095947] 2018-04-02 07:06:38,510 - INFO - launcher: Ensuring we're in the right environment
[157.744169235] 2018-04-02 07:06:38,511 - INFO - launcher: Adding local bins/ folder to path
[158.245325089] 2018-04-02 07:06:38,512 - INFO - launcher: Required checks passed.
[158.746719360] 2018-04-02 07:06:38,512 - INFO - launcher: Optional checks passed.
[159.248113632] 2018-04-02 07:06:38,513 - INFO - launcher: Moving old musicbot log

######################### PRE-RUN SANITY CHECKS PASSED #########################

[2.2402243614196777] 2018-04-02 07:06:40,594 - WARNING - musicbot.config | In config.py::MainThread(56544), line 254 in find_config: Options file not found, copying example_options.ini
[2.2422297000885010] 2018-04-02 07:06:40,596 - WARNING - musicbot.config | In config.py::MainThread(56544), line 112 in run_checks: i18n file does not exist. Trying to fallback to config/i18n/en.json.
[2.2427310943603516] 2018-04-02 07:06:40,596 - INFO - musicbot.config | In config.py::MainThread(56544), line 123 in run_checks: Using i18n: config/i18n/en.json
[2.2432322502136230] 2018-04-02 07:06:40,597 - WARNING - musicbot.config | In config.py::MainThread(56544), line 206 in create_empty_file_ifnoexist: Creating config/blacklist.txt
[2.2437336444854736] 2018-04-02 07:06:40,597 - WARNING - musicbot.config | In config.py::MainThread(56544), line 206 in create_empty_file_ifnoexist: Creating config/whitelist.txt
[2.2582731246948242] 2018-04-02 07:06:40,612 - DEBUG - musicbot.config | In config.py::MainThread(56544), line 291 in find_autoplaylist: Copying _autoplaylist.txt to autoplaylist.txt
[2.2597758769989014] 2018-04-02 07:06:40,613 - DEBUG - musicbot.json | In json.py::MainThread(56544), line 8 in __init__: Init JSON obj with config/i18n/en.json
[2.7338962554931641] 2018-04-02 07:06:41,087 - DEBUG - musicbot.bot | In bot.py::MainThread(56544), line 227 in _setup_logging: Set logging level to INFO
[2.7338962554931641] 2018-04-02 07:06:41,087 - INFO - musicbot.bot | In bot.py::MainThread(56544), line 84 in __init__: Starting MusicBot 1.9.7
[2.7343969345092773] 2018-04-02 07:06:41,088 - INFO - musicbot.bot | In bot.py::MainThread(56544), line 90 in __init__: Loaded autoplaylist with 2531 entries
[5.6230900287628174] 2018-04-02 07:06:43,976 - DEBUG - musicbot.bot | In bot.py::MainThread(56544), line 1074 in on_ready: Connection established, ready to go.
[5.6230900287628174] 2018-04-02 07:06:43,976 - DEBUG - musicbot.bot | In bot.py::MainThread(56544), line 339 in _cache_app_info: Caching app info
[5.7565224170684814] 2018-04-02 07:06:44,110 - DEBUG - musicbot.bot | In bot.py::MainThread(56544), line 889 in _scheck_ensure_env: Ensuring data folders exist
[5.7610621452331543] 2018-04-02 07:06:44,114 - DEBUG - musicbot.bot | In bot.py::MainThread(56544), line 905 in _scheck_server_permissions: Checking server permissions
[5.7615363597869873] 2018-04-02 07:06:44,115 - DEBUG - musicbot.bot | In bot.py::MainThread(56544), line 909 in _scheck_autoplaylist: Auditing autoplaylist
[5.7615363597869873] 2018-04-02 07:06:44,115 - DEBUG - musicbot.bot | In bot.py::MainThread(56544), line 913 in _scheck_configs: Validating config
[5.7615363597869873] 2018-04-02 07:06:44,115 - DEBUG - musicbot.config | In config.py::MainThread(56544), line 212 in async_validate: Validating options...
[5.7615363597869873] 2018-04-02 07:06:44,115 - DEBUG - musicbot.bot | In bot.py::MainThread(56544), line 916 in _scheck_configs: Validating permissions config
[5.7615363597869873] 2018-04-02 07:06:44,115 - DEBUG - musicbot.permissions | In permissions.py::MainThread(56544), line 64 in async_validate: Validating permissions...
[5.7620372772216797] 2018-04-02 07:06:44,115 - INFO - musicbot.bot | In bot.py::MainThread(56544), line 1091 in on_ready: Connected: 428216375409115136/LfNBoTMusic#8934
[5.7630405426025391] 2018-04-02 07:06:44,116 - INFO - musicbot.bot | In bot.py::MainThread(56544), line 1099 in on_ready: Owner:     174565176492687361/ParisdekiBebeg#4271

[5.7635412216186523] 2018-04-02 07:06:44,117 - INFO - musicbot.bot | In bot.py::MainThread(56544), line 1102 in on_ready: Server List:
[5.7640562057495117] 2018-04-02 07:06:44,117 - INFO - musicbot.bot | In bot.py::MainThread(56544), line 1105 in on_ready:  - Les Familles NDNG
[5.7645442485809326] 2018-04-02 07:06:44,118 - INFO - musicbot.bot | In bot.py::MainThread(56544), line 1151 in on_ready: Not bound to any text channels
[5.7650463581085205] 2018-04-02 07:06:44,118 - INFO - musicbot.bot | In bot.py::MainThread(56544), line 1177 in on_ready: Not autojoining any voice channels
[5.7655465602874756] 2018-04-02 07:06:44,119 - INFO - musicbot.bot | In bot.py::MainThread(56544), line 272 in _join_startup_channels: Found owner in "🚽AFK🚽"
[5.7665646076202393] 2018-04-02 07:06:44,120 - INFO - musicbot.bot | In bot.py::MainThread(56544), line 281 in _join_startup_channels: Attempting to join Les Familles NDNG/🚽AFK🚽
[5.7670509815216064] 2018-04-02 07:06:44,120 - DEBUG - musicbot.bot | In bot.py::MainThread(56544), line 452 in get_voice_client: Connection attempt 1 to 🚽AFK🚽
[5.7675526142120361] 2018-04-02 07:06:44,121 - VOICEDEBUG - musicbot.bot | In bot.py::MainThread(56544), line 391 in join_voice_channel: (join_voice_channel) creating futures
[5.7675526142120361] 2018-04-02 07:06:44,121 - VOICEDEBUG - musicbot.bot | In bot.py::MainThread(56544), line 397 in join_voice_channel: (join_voice_channel) setting voice state
[5.7680542469024658] 2018-04-02 07:06:44,121 - VOICEDEBUG - musicbot.bot | In bot.py::MainThread(56544), line 400 in join_voice_channel: (join_voice_channel) waiting for session id
[5.9009933471679688] 2018-04-02 07:06:44,254 - VOICEDEBUG - musicbot.bot | In bot.py::MainThread(56544), line 2938 in on_voice_state_update: Voice state update for 428216375409115136/LfNBoTMusic#8934 on Les Familles NDNG/🚽AFK🚽 -> [JOIN, CONNECT]
[5.9014947414398193] 2018-04-02 07:06:44,255 - INFO - musicbot.bot | In bot.py::MainThread(56544), line 2949 in on_voice_state_update: 428216375409115136/LfNBoTMusic#8934 has joined Les Familles NDNG/🚽AFK🚽
[5.9019951820373535] 2018-04-02 07:06:44,255 - VOICEDEBUG - musicbot.bot | In bot.py::MainThread(56544), line 404 in join_voice_channel: (join_voice_channel) waiting for voice data
[6.0875697135925293] 2018-04-02 07:06:44,441 - VOICEDEBUG - musicbot.bot | In bot.py::MainThread(56544), line 418 in join_voice_channel: (join_voice_channel) connecting...
[6.4911715984344482] 2018-04-02 07:06:44,845 - VOICEDEBUG - musicbot.bot | In bot.py::MainThread(56544), line 430 in join_voice_channel: (join_voice_channel) connection successful
[6.4916729927062988] 2018-04-02 07:06:44,845 - DEBUG - musicbot.bot | In bot.py::MainThread(56544), line 478 in get_voice_client: Connected in 0.7s
[6.4916729927062988] 2018-04-02 07:06:44,845 - INFO - musicbot.bot | In bot.py::MainThread(56544), line 479 in get_voice_client: Connected to Les Familles NDNG/🚽AFK🚽
[6.4926750659942627] 2018-04-02 07:06:44,846 - INFO - musicbot.bot | In bot.py::MainThread(56544), line 297 in _join_startup_channels: Joined Les Familles NDNG/🚽AFK🚽
[6.4931766986846924] 2018-04-02 07:06:44,847 - DEBUG - musicbot.bot | In bot.py::MainThread(56544), line 679 in on_player_finished_playing: No content in current autoplaylist. Filling with new music...
[6.5072424411773682] 2018-04-02 07:06:44,861 - VOICEDEBUG - musicbot.player | In player.py::MainThread(56544), line 373 in websocket_check: Starting websocket check loop for Les Familles NDNG
[8.9256415367126465] 2018-04-02 07:06:47,279 - DEBUG - musicbot.entry | In entry.py::MainThread(56544), line 54 in get_ready_future: Created future for None
[8.9266448020935059] 2018-04-02 07:06:47,280 - INFO - musicbot.entry | In entry.py::MainThread(56544), line 220 in _really_download: Download started: https://youtube.com/watch?v=FYh29RMpmAc
[10.9285101890563965] 2018-04-02 07:06:49,282 - DEBUG - musicbot.entry | In entry.py::MainThread(56544), line 54 in get_ready_future: Created future for None
[13.8152248859405518] 2018-04-02 07:06:52,169 - INFO - musicbot.entry | In entry.py::MainThread(56544), line 230 in _really_download: Download complete: https://youtube.com/watch?v=FYh29RMpmAc
[13.8192627429962158] 2018-04-02 07:06:52,173 - DEBUG - musicbot.player | In player.py::MainThread(56544), line 269 in get_mean_volume: Calculating mean volume of audio_cache\youtube-FYh29RMpmAc-Maduk_-_Just_Be_Good_feat._Nymfo.webm
[15.9328346252441406] 2018-04-02 07:06:54,286 - DEBUG - musicbot.player | In player.py::MainThread(56544), line 290 in get_mean_volume: Calculated mean volume as -9.7
[15.9328346252441406] 2018-04-02 07:06:54,286 - FFMPEG - musicbot.player | In player.py::MainThread(56544), line 330 in _play: Creating player with options: -nostdin -af "volume=-0.0dB" audio_cache\youtube-FYh29RMpmAc-Maduk_-_Just_Be_Good_feat._Nymfo.webm
[16.1569743156433105] 2018-04-02 07:06:54,510 - DEBUG - musicbot.bot | In bot.py::MainThread(56544), line 825 in serialize_queue: Serializing queue for 427151278934720525
[21.6032519340515137] 2018-04-02 07:06:59,957 - VOICEDEBUG - musicbot.bot | In bot.py::MainThread(56544), line 2938 in on_voice_state_update: Voice state update for 428216375409115136/LfNBoTMusic#8934 on Les Familles NDNG/LFN Playlist ♀☺☻ -> [JOIN, MOVE]
[21.6032519340515137] 2018-04-02 07:06:59,957 - INFO - musicbot.bot | In bot.py::MainThread(56544), line 2949 in on_voice_state_update: 428216375409115136/LfNBoTMusic#8934 has joined Les Familles NDNG/LFN Playlist ♀☺☻
[21.6167886257171631] 2018-04-02 07:06:59,970 - INFO - musicbot.bot | In bot.py::MainThread(56544), line 2964 in on_voice_state_update: Pausing in Les Familles NDNG/LFN Playlist ♀☺☻ (joining empty channel)
[22.6883285045623779] 2018-04-02 07:07:01,042 - VOICEDEBUG - musicbot.bot | In bot.py::MainThread(56544), line 2938 in on_voice_state_update: Voice state update for 174565176492687361/ParisdekiBebeg#4271 on Les Familles NDNG/LFN Playlist ♀☺☻ -> [JOIN, MOVE]
[22.6883285045623779] 2018-04-02 07:07:01,042 - INFO - musicbot.bot | In bot.py::MainThread(56544), line 2949 in on_voice_state_update: 174565176492687361/ParisdekiBebeg#4271 has joined Les Familles NDNG/LFN Playlist ♀☺☻
[22.6893448829650879] 2018-04-02 07:07:01,043 - INFO - musicbot.bot | In bot.py::MainThread(56544), line 2977 in on_voice_state_update: Unpausing in Les Familles NDNG/LFN Playlist ♀☺☻
[33.8790209293365479] 2018-04-02 07:07:12,232 - VOICEDEBUG - musicbot.bot | In bot.py::MainThread(56544), line 2938 in on_voice_state_update: Voice state update for 174565176492687361/ParisdekiBebeg#4271 on Les Familles NDNG/🛌Dodo🛌 -> [LEAVE, MOVE]
[33.8790209293365479] 2018-04-02 07:07:12,232 - INFO - musicbot.bot | In bot.py::MainThread(56544), line 2949 in on_voice_state_update: 174565176492687361/ParisdekiBebeg#4271 has left Les Familles NDNG/LFN Playlist ♀☺☻
[33.8800032138824463] 2018-04-02 07:07:12,233 - INFO - musicbot.bot | In bot.py::MainThread(56544), line 2987 in on_voice_state_update: Pausing in Les Familles NDNG/LFN Playlist ♀☺☻ (empty channel)
[73.3482818603515625] 2018-04-02 07:07:51,702 - INFO - musicbot.bot | In bot.py::MainThread(56544), line 2734 in on_message: 174565176492687361/ParisdekiBebeg#4271: !help
[89.2746329307556152] 2018-04-02 07:08:07,628 - INFO - musicbot.bot | In bot.py::MainThread(56544), line 2734 in on_message: 174565176492687361/ParisdekiBebeg#4271: !play
[117.6980631351470947] 2018-04-02 07:08:36,051 - VOICEDEBUG - musicbot.bot | In bot.py::MainThread(56544), line 2938 in on_voice_state_update: Voice state update for 174565176492687361/ParisdekiBebeg#4271 on Les Familles NDNG/LFN Playlist ♀☺☻ -> [JOIN, MOVE]
[117.6985571384429932] 2018-04-02 07:08:36,052 - INFO - musicbot.bot | In bot.py::MainThread(56544), line 2949 in on_voice_state_update: 174565176492687361/ParisdekiBebeg#4271 has joined Les Familles NDNG/LFN Playlist ♀☺☻
[117.6995568275451660] 2018-04-02 07:08:36,053 - INFO - musicbot.bot | In bot.py::MainThread(56544), line 2977 in on_voice_state_update: Unpausing in Les Familles NDNG/LFN Playlist ♀☺☻
[119.3438467979431152] 2018-04-02 07:08:37,697 - INFO - musicbot.bot | In bot.py::MainThread(56544), line 2734 in on_message: 174565176492687361/ParisdekiBebeg#4271: !play https://www.youtube.com/watch?v=xc4f2KOgHa4&list=RDxc4f2KOgHa4
[122.6254470348358154] 2018-04-02 07:08:40,979 - DEBUG - musicbot.bot | In bot.py::MainThread(56544), line 1517 in cmd_play: {'webpage_url': 'https://www.youtube.com/playlist?list=RDxc4f2KOgHa4', 'extractor': 'youtube:playlist', 'webpage_url_basename': 'playlist', 'id': 'RDxc4f2KOgHa4', 'title': 'Mix - Velet - Yanıyor feat. Ishkee (Official Video) [@Ishkee322 @RodiiKeelos]', '_type': 'playlist', 'extractor_key': 'YoutubePlaylist', 'entries': [{'ie_key': 'Youtube', 'url': 'xc4f2KOgHa4', '_type': 'url', 'id': 'xc4f2KOgHa4'}, {'ie_key': 'Youtube', 'url': 'NEeEC7qkdLk', '_type': 'url', 'id': 'NEeEC7qkdLk'}, {'ie_key': 'Youtube', 'url': '1l0p4z5P424', '_type': 'url', 'id': '1l0p4z5P424'}, {'ie_key': 'Youtube', 'url': 'i9oQxXLAHao', '_type': 'url', 'id': 'i9oQxXLAHao'}, {'ie_key': 'Youtube', 'url': 'hZr4YE3wifk', '_type': 'url', 'id': 'hZr4YE3wifk'}, {'ie_key': 'Youtube', 'url': '9g6FJbIFXTE', '_type': 'url', 'id': '9g6FJbIFXTE'}, {'ie_key': 'Youtube', 'url': 'oWalTYZK5AM', '_type': 'url', 'id': 'oWalTYZK5AM'}, {'ie_key': 'Youtube', 'url': 'uc08BboEv-w', '_type': 'url', 'id': 'uc08BboEv-w'}, {'ie_key': 'Youtube', 'url': 'OL9SO0byhLY', '_type': 'url', 'id': 'OL9SO0byhLY'}, {'ie_key': 'Youtube', 'url': 'mhQO0Y4Klo4', '_type': 'url', 'id': 'mhQO0Y4Klo4'}, {'ie_key': 'Youtube', 'url': 'YIQgF0x817Y', '_type': 'url', 'id': 'YIQgF0x817Y'}, {'ie_key': 'Youtube', 'url': '7Ydw8xFCNvs', '_type': 'url', 'id': '7Ydw8xFCNvs'}, {'ie_key': 'Youtube', 'url': 'wy1453jUtBg', '_type': 'url', 'id': 'wy1453jUtBg'}, {'ie_key': 'Youtube', 'url': 'BcjoGIoErdE', '_type': 'url', 'id': 'BcjoGIoErdE'}, {'ie_key': 'Youtube', 'url': 'wkd8xo43yAs', '_type': 'url', 'id': 'wkd8xo43yAs'}, {'ie_key': 'Youtube', 'url': '5PnEC4__CyM', '_type': 'url', 'id': '5PnEC4__CyM'}, {'ie_key': 'Youtube', 'url': 'Ej8IYF19yn8', '_type': 'url', 'id': 'Ej8IYF19yn8'}, {'ie_key': 'Youtube', 'url': 'N4QQP8TIXLM', '_type': 'url', 'id': 'N4QQP8TIXLM'}, {'ie_key': 'Youtube', 'url': 'wSIH9IXsMLI', '_type': 'url', 'id': 'wSIH9IXsMLI'}, {'ie_key': 'Youtube', 'url': 'PoeOg1CCYuM', '_type': 'url', 'id': 'PoeOg1CCYuM'}, {'ie_key': 'Youtube', 'url': 'znwhak3QgMQ', '_type': 'url', 'id': 'znwhak3QgMQ'}, {'ie_key': 'Youtube', 'url': '_Iq_uEZuqGg', '_type': 'url', 'id': '_Iq_uEZuqGg'}, {'ie_key': 'Youtube', 'url': 'CT32qP0isAw', '_type': 'url', 'id': 'CT32qP0isAw'}, {'ie_key': 'Youtube', 'url': '5Ci2kwIob6c', '_type': 'url', 'id': '5Ci2kwIob6c'}, {'ie_key': 'Youtube', 'url': 'g2dZWz_qD4U', '_type': 'url', 'id': 'g2dZWz_qD4U'}, {'ie_key': 'Youtube', 'url': 'Vl_V74NvHoY', '_type': 'url', 'id': 'Vl_V74NvHoY'}, {'ie_key': 'Youtube', 'url': '-5WBTeCd1A4', '_type': 'url', 'id': '-5WBTeCd1A4'}, {'ie_key': 'Youtube', 'url': 'x-OEYRdu1Tk', '_type': 'url', 'id': 'x-OEYRdu1Tk'}, {'ie_key': 'Youtube', 'url': 's6Smz4GUAT4', '_type': 'url', 'id': 's6Smz4GUAT4'}, {'ie_key': 'Youtube', 'url': 'Gl8s_kRN4bM', '_type': 'url', 'id': 'Gl8s_kRN4bM'}, {'ie_key': 'Youtube', 'url': 'H-GcBqW_Jt0', '_type': 'url', 'id': 'H-GcBqW_Jt0'}, {'ie_key': 'Youtube', 'url': 'V6srPKfQpJ4', '_type': 'url', 'id': 'V6srPKfQpJ4'}, {'ie_key': 'Youtube', 'url': 'xlSi-5dro7A', '_type': 'url', 'id': 'xlSi-5dro7A'}, {'ie_key': 'Youtube', 'url': 'iurfbuXpqXM', '_type': 'url', 'id': 'iurfbuXpqXM'}, {'ie_key': 'Youtube', 'url': 'rv3mZNzZ6PI', '_type': 'url', 'id': 'rv3mZNzZ6PI'}, {'ie_key': 'Youtube', 'url': 'KCfGih2HhJI', '_type': 'url', 'id': 'KCfGih2HhJI'}, {'ie_key': 'Youtube', 'url': 'lBO0-pf1Szk', '_type': 'url', 'id': 'lBO0-pf1Szk'}, {'ie_key': 'Youtube', 'url': 'LU5FrAKJmYQ', '_type': 'url', 'id': 'LU5FrAKJmYQ'}, {'ie_key': 'Youtube', 'url': 'V5P59Yve3-4', '_type': 'url', 'id': 'V5P59Yve3-4'}, {'ie_key': 'Youtube', 'url': 'zuWa_P7LIiM', '_type': 'url', 'id': 'zuWa_P7LIiM'}, {'ie_key': 'Youtube', 'url': 'GAMeZHifM9Q', '_type': 'url', 'id': 'GAMeZHifM9Q'}, {'ie_key': 'Youtube', 'url': 'oXeei2QSYMc', '_type': 'url', 'id': 'oXeei2QSYMc'}, {'ie_key': 'Youtube', 'url': 'JWJoZDOzvD8', '_type': 'url', 'id': 'JWJoZDOzvD8'}, {'ie_key': 'Youtube', 'url': 'tI1j3naE3es', '_type': 'url', 'id': 'tI1j3naE3es'}, {'ie_key': 'Youtube', 'url': 'A6lj-9C8yig', '_type': 'url', 'id': 'A6lj-9C8yig'}, {'ie_key': 'Youtube', 'url': 'FPbMwdoXMBQ', '_type': 'url', 'id': 'FPbMwdoXMBQ'}, {'ie_key': 'Youtube', 'url': 'KO111XkVW2w', '_type': 'url', 'id': 'KO111XkVW2w'}, {'ie_key': 'Youtube', 'url': 'YZAslzrbD68', '_type': 'url', 'id': 'YZAslzrbD68'}, {'ie_key': 'Youtube', 'url': '0hs0iAPzf8g', '_type': 'url', 'id': '0hs0iAPzf8g'}, {'ie_key': 'Youtube', 'url': '5xIvwtFPK3E', '_type': 'url', 'id': '5xIvwtFPK3E'}, {'ie_key': 'Youtube', 'url': '6vHxhaK9qL4', '_type': 'url', 'id': '6vHxhaK9qL4'}, {'ie_key': 'Youtube', 'url': 'e-k6zlHJxdI', '_type': 'url', 'id': 'e-k6zlHJxdI'}, {'ie_key': 'Youtube', 'url': 'Ze0o7ulhsk4', '_type': 'url', 'id': 'Ze0o7ulhsk4'}, {'ie_key': 'Youtube', 'url': 'o-OPeZIELHE', '_type': 'url', 'id': 'o-OPeZIELHE'}, {'ie_key': 'Youtube', 'url': '7S-E0spllUM', '_type': 'url', 'id': '7S-E0spllUM'}, {'ie_key': 'Youtube', 'url': 'XojKRTqaOy8', '_type': 'url', 'id': 'XojKRTqaOy8'}, {'ie_key': 'Youtube', 'url': '-eSpiwGcW2k', '_type': 'url', 'id': '-eSpiwGcW2k'}, {'ie_key': 'Youtube', 'url': 'c4wUay8pMVM', '_type': 'url', 'id': 'c4wUay8pMVM'}, {'ie_key': 'Youtube', 'url': 'JxgIDMdDRi0', '_type': 'url', 'id': 'JxgIDMdDRi0'}, {'ie_key': 'Youtube', 'url': 'IbeCpb3NLRo', '_type': 'url', 'id': 'IbeCpb3NLRo'}, {'ie_key': 'Youtube', 'url': 'IvzQamZ1NbE', '_type': 'url', 'id': 'IvzQamZ1NbE'}, {'ie_key': 'Youtube', 'url': '0W8-fSePipk', '_type': 'url', 'id': '0W8-fSePipk'}, {'ie_key': 'Youtube', 'url': 'Ozawky15ZnU', '_type': 'url', 'id': 'Ozawky15ZnU'}, {'ie_key': 'Youtube', 'url': 'ginewdXTt1Q', '_type': 'url', 'id': 'ginewdXTt1Q'}, {'ie_key': 'Youtube', 'url': 'KDdx1Ln8SlI', '_type': 'url', 'id': 'KDdx1Ln8SlI'}, {'ie_key': 'Youtube', 'url': 'zJitEVZVbRM', '_type': 'url', 'id': 'zJitEVZVbRM'}, {'ie_key': 'Youtube', 'url': 'ibwSWfbaW0I', '_type': 'url', 'id': 'ibwSWfbaW0I'}]}
[129.4063622951507568] 2018-04-02 07:08:47,760 - DEBUG - musicbot.entry | In entry.py::MainThread(56544), line 54 in get_ready_future: Created future for None
[129.4068686962127686] 2018-04-02 07:08:47,760 - DEBUG - musicbot.bot | In bot.py::MainThread(56544), line 825 in serialize_queue: Serializing queue for 427151278934720525
[129.4123511314392090] 2018-04-02 07:08:47,766 - INFO - musicbot.entry | In entry.py::MainThread(56544), line 220 in _really_download: Download started: https://www.youtube.com/watch?v=xc4f2KOgHa4
[130.4266543388366699] 2018-04-02 07:08:48,780 - DEBUG - musicbot.bot | In bot.py::MainThread(56544), line 825 in serialize_queue: Serializing queue for 427151278934720525
[132.1053707599639893] 2018-04-02 07:08:50,459 - DEBUG - musicbot.bot | In bot.py::MainThread(56544), line 825 in serialize_queue: Serializing queue for 427151278934720525
[133.5937690734863281] 2018-04-02 07:08:51,947 - DEBUG - musicbot.bot | In bot.py::MainThread(56544), line 825 in serialize_queue: Serializing queue for 427151278934720525
[134.2796735763549805] 2018-04-02 07:08:52,633 - INFO - musicbot.entry | In entry.py::MainThread(56544), line 230 in _really_download: Download complete: https://www.youtube.com/watch?v=xc4f2KOgHa4
[134.7662863731384277] 2018-04-02 07:08:53,120 - DEBUG - musicbot.bot | In bot.py::MainThread(56544), line 825 in serialize_queue: Serializing queue for 427151278934720525
[135.8404362201690674] 2018-04-02 07:08:54,194 - DEBUG - musicbot.bot | In bot.py::MainThread(56544), line 825 in serialize_queue: Serializing queue for 427151278934720525
[136.8390078544616699] 2018-04-02 07:08:55,192 - DEBUG - musicbot.bot | In bot.py::MainThread(56544), line 825 in serialize_queue: Serializing queue for 427151278934720525
[137.8340220451354980] 2018-04-02 07:08:56,187 - DEBUG - musicbot.bot | In bot.py::MainThread(56544), line 825 in serialize_queue: Serializing queue for 427151278934720525
[138.8916935920715332] 2018-04-02 07:08:57,245 - DEBUG - musicbot.bot | In bot.py::MainThread(56544), line 825 in serialize_queue: Serializing queue for 427151278934720525
[139.8261322975158691] 2018-04-02 07:08:58,179 - DEBUG - musicbot.bot | In bot.py::MainThread(56544), line 825 in serialize_queue: Serializing queue for 427151278934720525
[140.9021635055541992] 2018-04-02 07:08:59,256 - DEBUG - musicbot.bot | In bot.py::MainThread(56544), line 825 in serialize_queue: Serializing queue for 427151278934720525
[141.9349005222320557] 2018-04-02 07:09:00,288 - DEBUG - musicbot.bot | In bot.py::MainThread(56544), line 825 in serialize_queue: Serializing queue for 427151278934720525
[142.9121365547180176] 2018-04-02 07:09:01,265 - DEBUG - musicbot.bot | In bot.py::MainThread(56544), line 825 in serialize_queue: Serializing queue for 427151278934720525
[143.9284596443176270] 2018-04-02 07:09:02,282 - DEBUG - musicbot.bot | In bot.py::MainThread(56544), line 825 in serialize_queue: Serializing queue for 427151278934720525
[144.9740903377532959] 2018-04-02 07:09:03,327 - DEBUG - musicbot.bot | In bot.py::MainThread(56544), line 825 in serialize_queue: Serializing queue for 427151278934720525
[145.9879591464996338] 2018-04-02 07:09:04,341 - DEBUG - musicbot.bot | In bot.py::MainThread(56544), line 825 in serialize_queue: Serializing queue for 427151278934720525
[146.9901819229125977] 2018-04-02 07:09:05,344 - DEBUG - musicbot.bot | In bot.py::MainThread(56544), line 825 in serialize_queue: Serializing queue for 427151278934720525
[148.0764214992523193] 2018-04-02 07:09:06,430 - DEBUG - musicbot.bot | In bot.py::MainThread(56544), line 825 in serialize_queue: Serializing queue for 427151278934720525
[149.0782713890075684] 2018-04-02 07:09:07,432 - DEBUG - musicbot.bot | In bot.py::MainThread(56544), line 825 in serialize_queue: Serializing queue for 427151278934720525
[150.1500816345214844] 2018-04-02 07:09:08,503 - DEBUG - musicbot.bot | In bot.py::MainThread(56544), line 825 in serialize_queue: Serializing queue for 427151278934720525
[151.1364588737487793] 2018-04-02 07:09:09,490 - DEBUG - musicbot.bot | In bot.py::MainThread(56544), line 825 in serialize_queue: Serializing queue for 427151278934720525
[152.2373218536376953] 2018-04-02 07:09:10,591 - DEBUG - musicbot.bot | In bot.py::MainThread(56544), line 825 in serialize_queue: Serializing queue for 427151278934720525
[153.2643373012542725] 2018-04-02 07:09:11,618 - DEBUG - musicbot.bot | In bot.py::MainThread(56544), line 825 in serialize_queue: Serializing queue for 427151278934720525
[154.2701163291931152] 2018-04-02 07:09:12,623 - DEBUG - musicbot.bot | In bot.py::MainThread(56544), line 825 in serialize_queue: Serializing queue for 427151278934720525
[155.3534822463989258] 2018-04-02 07:09:13,707 - DEBUG - musicbot.bot | In bot.py::MainThread(56544), line 825 in serialize_queue: Serializing queue for 427151278934720525
[155.7769484519958496] 2018-04-02 07:09:14,130 - INFO - musicbot.bot | In bot.py::MainThread(56544), line 2734 in on_message: 174565176492687361/ParisdekiBebeg#4271: !help
[156.3739013671875000] 2018-04-02 07:09:14,727 - DEBUG - musicbot.bot | In bot.py::MainThread(56544), line 825 in serialize_queue: Serializing queue for 427151278934720525
[157.3643803596496582] 2018-04-02 07:09:15,718 - DEBUG - musicbot.bot | In bot.py::MainThread(56544), line 825 in serialize_queue: Serializing queue for 427151278934720525
[158.3889532089233398] 2018-04-02 07:09:16,742 - DEBUG - musicbot.bot | In bot.py::MainThread(56544), line 825 in serialize_queue: Serializing queue for 427151278934720525
[159.3944716453552246] 2018-04-02 07:09:17,748 - DEBUG - musicbot.bot | In bot.py::MainThread(56544), line 825 in serialize_queue: Serializing queue for 427151278934720525
[160.4447495937347412] 2018-04-02 07:09:18,798 - DEBUG - musicbot.bot | In bot.py::MainThread(56544), line 825 in serialize_queue: Serializing queue for 427151278934720525
[161.6159760951995850] 2018-04-02 07:09:19,969 - DEBUG - musicbot.bot | In bot.py::MainThread(56544), line 825 in serialize_queue: Serializing queue for 427151278934720525
[162.7817645072937012] 2018-04-02 07:09:21,135 - DEBUG - musicbot.bot | In bot.py::MainThread(56544), line 825 in serialize_queue: Serializing queue for 427151278934720525
[163.8655979633331299] 2018-04-02 07:09:22,219 - DEBUG - musicbot.bot | In bot.py::MainThread(56544), line 825 in serialize_queue: Serializing queue for 427151278934720525
[164.8752617835998535] 2018-04-02 07:09:23,229 - DEBUG - musicbot.bot | In bot.py::MainThread(56544), line 825 in serialize_queue: Serializing queue for 427151278934720525
[165.8576471805572510] 2018-04-02 07:09:24,211 - DEBUG - musicbot.bot | In bot.py::MainThread(56544), line 825 in serialize_queue: Serializing queue for 427151278934720525
[166.9195246696472168] 2018-04-02 07:09:25,273 - DEBUG - musicbot.bot | In bot.py::MainThread(56544), line 825 in serialize_queue: Serializing queue for 427151278934720525
[167.9374098777770996] 2018-04-02 07:09:26,291 - DEBUG - musicbot.bot | In bot.py::MainThread(56544), line 825 in serialize_queue: Serializing queue for 427151278934720525
[168.9444868564605713] 2018-04-02 07:09:27,298 - DEBUG - musicbot.bot | In bot.py::MainThread(56544), line 825 in serialize_queue: Serializing queue for 427151278934720525
[170.0185847282409668] 2018-04-02 07:09:28,372 - DEBUG - musicbot.bot | In bot.py::MainThread(56544), line 825 in serialize_queue: Serializing queue for 427151278934720525
[171.1118938922882080] 2018-04-02 07:09:29,465 - DEBUG - musicbot.bot | In bot.py::MainThread(56544), line 825 in serialize_queue: Serializing queue for 427151278934720525
[171.4055633544921875] 2018-04-02 07:09:29,759 - INFO - musicbot.bot | In bot.py::MainThread(56544), line 2734 in on_message: 174565176492687361/ParisdekiBebeg#4271: !skip
[171.4221067428588867] 2018-04-02 07:09:29,775 - DEBUG - musicbot.entry | In entry.py::MainThread(56544), line 54 in get_ready_future: Created future for None
[171.4221067428588867] 2018-04-02 07:09:29,775 - DEBUG - musicbot.entry | In entry.py::MainThread(56544), line 54 in get_ready_future: Created future for audio_cache\youtube-xc4f2KOgHa4-Velet_-_Yan_yor_feat._Ishkee_Official_Video_@Ishkee322_@RodiiKeelos.webm
[171.4226429462432861] 2018-04-02 07:09:29,776 - DEBUG - musicbot.player | In player.py::MainThread(56544), line 269 in get_mean_volume: Calculating mean volume of audio_cache\youtube-xc4f2KOgHa4-Velet_-_Yan_yor_feat._Ishkee_Official_Video_@Ishkee322_@RodiiKeelos.webm
[173.6872375011444092] 2018-04-02 07:09:32,041 - DEBUG - musicbot.player | In player.py::MainThread(56544), line 290 in get_mean_volume: Calculated mean volume as -14.8
[173.6872375011444092] 2018-04-02 07:09:32,041 - FFMPEG - musicbot.player | In player.py::MainThread(56544), line 330 in _play: Creating player with options: -nostdin -af "volume=-0.0dB" audio_cache\youtube-xc4f2KOgHa4-Velet_-_Yan_yor_feat._Ishkee_Official_Video_@Ishkee322_@RodiiKeelos.webm
[173.8222172260284424] 2018-04-02 07:09:32,176 - DEBUG - musicbot.bot | In bot.py::MainThread(56544), line 825 in serialize_queue: Serializing queue for 427151278934720525
[173.8282332420349121] 2018-04-02 07:09:32,182 - INFO - musicbot.entry | In entry.py::MainThread(56544), line 220 in _really_download: Download started: https://www.youtube.com/watch?v=NEeEC7qkdLk
[173.8307569026947021] 2018-04-02 07:09:32,184 - DEBUG - musicbot.bot | In bot.py::MainThread(56544), line 825 in serialize_queue: Serializing queue for 427151278934720525
[173.8417699337005615] 2018-04-02 07:09:32,195 - DEBUG - musicbot.bot | In bot.py::MainThread(56544), line 825 in serialize_queue: Serializing queue for 427151278934720525
[174.8554420471191406] 2018-04-02 07:09:33,209 - DEBUG - musicbot.bot | In bot.py::MainThread(56544), line 825 in serialize_queue: Serializing queue for 427151278934720525
[176.1369636058807373] 2018-04-02 07:09:34,490 - DEBUG - musicbot.bot | In bot.py::MainThread(56544), line 825 in serialize_queue: Serializing queue for 427151278934720525
[177.4085416793823242] 2018-04-02 07:09:35,762 - INFO - musicbot.entry | In entry.py::MainThread(56544), line 230 in _really_download: Download complete: https://www.youtube.com/watch?v=NEeEC7qkdLk
[177.4891231060028076] 2018-04-02 07:09:35,842 - DEBUG - musicbot.bot | In bot.py::MainThread(56544), line 825 in serialize_queue: Serializing queue for 427151278934720525
[178.4881739616394043] 2018-04-02 07:09:36,842 - DEBUG - musicbot.bot | In bot.py::MainThread(56544), line 825 in serialize_queue: Serializing queue for 427151278934720525
[179.5460081100463867] 2018-04-02 07:09:37,899 - DEBUG - musicbot.bot | In bot.py::MainThread(56544), line 825 in serialize_queue: Serializing queue for 427151278934720525
[180.5583498477935791] 2018-04-02 07:09:38,912 - DEBUG - musicbot.bot | In bot.py::MainThread(56544), line 825 in serialize_queue: Serializing queue for 427151278934720525
[181.5520884990692139] 2018-04-02 07:09:39,905 - DEBUG - musicbot.bot | In bot.py::MainThread(56544), line 825 in serialize_queue: Serializing queue for 427151278934720525
[182.9954526424407959] 2018-04-02 07:09:41,349 - DEBUG - musicbot.bot | In bot.py::MainThread(56544), line 825 in serialize_queue: Serializing queue for 427151278934720525
[183.9884042739868164] 2018-04-02 07:09:42,342 - DEBUG - musicbot.bot | In bot.py::MainThread(56544), line 825 in serialize_queue: Serializing queue for 427151278934720525
[184.9496049880981445] 2018-04-02 07:09:43,303 - DEBUG - musicbot.bot | In bot.py::MainThread(56544), line 825 in serialize_queue: Serializing queue for 427151278934720525
[185.8604903221130371] 2018-04-02 07:09:44,214 - VOICEDEBUG - musicbot.bot | In bot.py::MainThread(56544), line 2938 in on_voice_state_update: Voice state update for 174565176492687361/ParisdekiBebeg#4271 on Les Familles NDNG/🚽AFK🚽 -> [LEAVE, MOVE]
[185.8604903221130371] 2018-04-02 07:09:44,214 - INFO - musicbot.bot | In bot.py::MainThread(56544), line 2949 in on_voice_state_update: 174565176492687361/ParisdekiBebeg#4271 has left Les Familles NDNG/LFN Playlist ♀☺☻
[185.8619742393493652] 2018-04-02 07:09:44,215 - INFO - musicbot.bot | In bot.py::MainThread(56544), line 2987 in on_voice_state_update: Pausing in Les Familles NDNG/LFN Playlist ♀☺☻ (empty channel)
[185.9844646453857422] 2018-04-02 07:09:44,338 - DEBUG - musicbot.bot | In bot.py::MainThread(56544), line 825 in serialize_queue: Serializing queue for 427151278934720525
[186.9439892768859863] 2018-04-02 07:09:45,297 - DEBUG - musicbot.bot | In bot.py::MainThread(56544), line 825 in serialize_queue: Serializing queue for 427151278934720525
[187.9954946041107178] 2018-04-02 07:09:46,349 - DEBUG - musicbot.bot | In bot.py::MainThread(56544), line 825 in serialize_queue: Serializing queue for 427151278934720525
[188.9870364665985107] 2018-04-02 07:09:47,340 - DEBUG - musicbot.bot | In bot.py::MainThread(56544), line 825 in serialize_queue: Serializing queue for 427151278934720525
[189.9494976997375488] 2018-04-02 07:09:48,303 - DEBUG - musicbot.bot | In bot.py::MainThread(56544), line 825 in serialize_queue: Serializing queue for 427151278934720525
[191.3907823562622070] 2018-04-02 07:09:49,744 - DEBUG - musicbot.bot | In bot.py::MainThread(56544), line 825 in serialize_queue: Serializing queue for 427151278934720525
[192.4166657924652100] 2018-04-02 07:09:50,770 - DEBUG - musicbot.bot | In bot.py::MainThread(56544), line 825 in serialize_queue: Serializing queue for 427151278934720525
[193.4730486869812012] 2018-04-02 07:09:51,826 - DEBUG - musicbot.bot | In bot.py::MainThread(56544), line 825 in serialize_queue: Serializing queue for 427151278934720525
[194.4715218544006348] 2018-04-02 07:09:52,825 - DEBUG - musicbot.bot | In bot.py::MainThread(56544), line 825 in serialize_queue: Serializing queue for 427151278934720525
[195.4906148910522461] 2018-04-02 07:09:53,844 - DEBUG - musicbot.bot | In bot.py::MainThread(56544), line 825 in serialize_queue: Serializing queue for 427151278934720525
[196.5219521522521973] 2018-04-02 07:09:54,875 - DEBUG - musicbot.bot | In bot.py::MainThread(56544), line 825 in serialize_queue: Serializing queue for 427151278934720525
[197.5431468486785889] 2018-04-02 07:09:55,896 - DEBUG - musicbot.bot | In bot.py::MainThread(56544), line 825 in serialize_queue: Serializing queue for 427151278934720525
[198.5685441493988037] 2018-04-02 07:09:56,922 - DEBUG - musicbot.bot | In bot.py::MainThread(56544), line 825 in serialize_queue: Serializing queue for 427151278934720525
[199.5371282100677490] 2018-04-02 07:09:57,890 - DEBUG - musicbot.bot | In bot.py::MainThread(56544), line 825 in serialize_queue: Serializing queue for 427151278934720525
[200.5350329875946045] 2018-04-02 07:09:58,888 - DEBUG - musicbot.bot | In bot.py::MainThread(56544), line 825 in serialize_queue: Serializing queue for 427151278934720525
[201.6294791698455811] 2018-04-02 07:09:59,983 - DEBUG - musicbot.bot | In bot.py::MainThread(56544), line 825 in serialize_queue: Serializing queue for 427151278934720525
[201.7978677749633789] 2018-04-02 07:10:00,151 - INFO - musicbot.bot | In bot.py::MainThread(56544), line 1758 in _cmd_play_playlist_async: Processed 67/67 songs in 76.73 seconds at 1.15s/song, -0.055/song from expected (80.4s)
[240.5869548320770264] 2018-04-02 07:10:38,940 - INFO - musicbot.bot | In bot.py::MainThread(56544), line 2734 in on_message: 174565176492687361/ParisdekiBebeg#4271: !help
[313.9388413429260254] 2018-04-02 07:11:52,292 - INFO - musicbot.bot | In bot.py::MainThread(56544), line 2734 in on_message: 174565176492687361/ParisdekiBebeg#4271: !help
[336.0852315425872803] 2018-04-02 07:12:14,439 - INFO - musicbot.bot | In bot.py::MainThread(56544), line 2734 in on_message: 174565176492687361/ParisdekiBebeg#4271: !blacklist
[400.9499957561492920] 2018-04-02 07:13:19,303 - INFO - musicbot.bot | In bot.py::MainThread(56544), line 2734 in on_message: 174565176492687361/ParisdekiBebeg#4271: !help
